<?xml version="1.0" encoding="UTF-8"?>
<!-- Generated by org.testng.reporters.JUnitReportReporter -->
<testsuite hostname="Sumit" name="SampleDataDrivenTestNg" tests="2" failures="0" timestamp="31 Aug 2020 19:22:35 GMT" time="55.335" errors="0">
  <testcase name="loginTest" time="20.725" classname="SampleDataDrivenTestNg"/>
  <testcase name="loginTest" time="34.610" classname="SampleDataDrivenTestNg"/>
</testsuite> <!-- SampleDataDrivenTestNg -->
